<?xml version="1.0" encoding="UTF-8"?>
<!-- Generated by org.testng.reporters.JUnitReportReporter -->
<testsuite name="pl.swa.maintests.NewTest4" tests="1" time="3.362" ignored="0" failures="0" timestamp="21 lut 2017 13:50:05 GMT" skipped="0" hostname="NTBK0526" errors="0">
  <testcase name="f" time="3.362" classname="pl.swa.maintests.NewTest4"/>
</testsuite> <!-- pl.swa.maintests.NewTest4 -->
