<?xml version="1.0" encoding="UTF-8"?>
<!-- Generated by org.testng.reporters.JUnitReportReporter -->
<testsuite name="pl.swa.maintests.NewTest3" tests="1" time="6.406" ignored="0" failures="0" timestamp="21 lut 2017 11:12:36 GMT" skipped="0" hostname="NTBK0526" errors="0">
  <testcase name="f" time="6.406" classname="pl.swa.maintests.NewTest3"/>
</testsuite> <!-- pl.swa.maintests.NewTest3 -->
