<?xml version="1.0" encoding="UTF-8"?>
<!-- Generated by org.testng.reporters.JUnitReportReporter -->
<testsuite name="pl.swa.maintests.NewTest2" tests="1" time="1.942" ignored="0" failures="0" timestamp="21 lut 2017 09:37:00 GMT" skipped="0" hostname="NTBK0526" errors="0">
  <testcase name="f" time="1.942" classname="pl.swa.maintests.NewTest2"/>
</testsuite> <!-- pl.swa.maintests.NewTest2 -->
